<?xml version="1.0" encoding="UTF-8"?>
<!-- Generated by org.testng.reporters.JUnitReportReporter -->
<testsuite hostname="vkzoomin996" failures="0" tests="1" name="gitHub.CRUDOOperations.SearchRepoTest" time="4.035" errors="0" timestamp="2023-04-01T09:05:33 IST" skipped="0">
  <testcase classname="gitHub.CRUDOOperations.SearchRepoTest" name="searchTest" time="4.035"/>
  <system-out/>
</testsuite> <!-- gitHub.CRUDOOperations.SearchRepoTest -->
