<?xml version="1.0" encoding="UTF-8"?>
<!-- Generated by org.testng.reporters.JUnitReportReporter -->
<testsuite hostname="vkzoomin996" failures="0" tests="1" name="gitHub.CRUDOOperations.GetResponseForUserTest" time="2.815" errors="0" timestamp="2023-04-01T08:46:25 IST" skipped="0">
  <testcase classname="gitHub.CRUDOOperations.GetResponseForUserTest" name="getResponseforUserTest" time="2.815"/>
  <system-out/>
</testsuite> <!-- gitHub.CRUDOOperations.GetResponseForUserTest -->
