<?xml version="1.0" encoding="UTF-8"?>
<!-- Generated by org.testng.reporters.JUnitReportReporter -->
<testsuite hostname="vkzoomin996" failures="0" tests="1" name="gitHub.CRUDOOperations.GetResponseFromAuthentUser" time="2.830" errors="0" timestamp="2023-04-01T09:05:55 IST" skipped="0">
  <testcase classname="gitHub.CRUDOOperations.GetResponseFromAuthentUser" name="getResponseForUserTest" time="2.830"/>
  <system-out/>
</testsuite> <!-- gitHub.CRUDOOperations.GetResponseFromAuthentUser -->
